<?xml version="1.0" encoding="UTF-8"?>
<testng-results skipped="0" failed="0" ignored="0" total="1" passed="1">
  <reporter-output>
  </reporter-output>
  <suite name="tests.Tests" duration-ms="19921" started-at="2021-04-17T12:31:09 ART" finished-at="2021-04-17T12:31:28 ART">
    <groups>
    </groups>
    <test name="Command line test" duration-ms="19921" started-at="2021-04-17T12:31:09 ART" finished-at="2021-04-17T12:31:28 ART">
      <class name="tests.Tests">
        <test-method status="PASS" signature="SetUp()[pri:0, instance:tests.Tests@5702b3b1]" name="SetUp" is-config="true" duration-ms="9441" started-at="2021-04-17T12:31:09 ART" finished-at="2021-04-17T12:31:18 ART">
          <reporter-output>
          </reporter-output>
        </test-method> <!-- SetUp -->
        <test-method status="PASS" signature="pruebaUno()[pri:0, instance:tests.Tests@5702b3b1]" name="pruebaUno" duration-ms="6301" started-at="2021-04-17T12:31:18 ART" finished-at="2021-04-17T12:31:24 ART">
          <reporter-output>
          </reporter-output>
        </test-method> <!-- pruebaUno -->
        <test-method status="PASS" signature="tearDown()[pri:0, instance:tests.Tests@5702b3b1]" name="tearDown" is-config="true" duration-ms="4130" started-at="2021-04-17T12:31:24 ART" finished-at="2021-04-17T12:31:28 ART">
          <reporter-output>
          </reporter-output>
        </test-method> <!-- tearDown -->
      </class> <!-- tests.Tests -->
    </test> <!-- Command line test -->
  </suite> <!-- tests.Tests -->
</testng-results>
