<?xml version="1.0" encoding="UTF-8"?>
<!-- Generated by org.testng.reporters.JUnitXMLReporter -->
<testsuite hostname="DESKTOP-I8CQSLK" ignored="0" name="Command line test" tests="2" failures="1" timestamp="2021-04-17T13:47:57 ART" time="39.926" errors="0">
  <testcase name="pruebaDos" time="5.914" classname="tests.Tests">
    <failure type="java.lang.AssertionError" message="expected [true] but found [false]">
      <![CDATA[java.lang.AssertionError: expected [true] but found [false]
at tests.Tests.pruebaDos(Tests.java:46)
at java.util.ArrayList.forEach(ArrayList.java:1249)
... Removed 40 stack frames]]>
    </failure>
  </testcase> <!-- pruebaDos -->
  <testcase name="pruebaUno" time="5.264" classname="tests.Tests"/>
</testsuite> <!-- Command line test -->
